<?xml version='1.0' encoding='UTF-8'?>
<testsuite hostname="DESKTOP-LILO2CJ" name="ExampleSpec" tests="2" errors="0" failures="0" skipped="0" time="0.044" timestamp="2021-04-27T14:08:32">
                     <properties>
      <property name="awt.toolkit" value="sun.awt.windows.WToolkit"/><property name="java.specification.version" value="11"/><property name="sun.cpu.isalist" value="amd64"/><property name="sun.jnu.encoding" value="Cp1254"/><property name="sun.arch.data.model" value="64"/><property name="java.vendor.url" value="https://openjdk.java.net/"/><property name="user.country.format" value="TR"/><property name="sun.boot.library.path" value="C:\Program Files\Java\jdk-11.0.10\bin"/><property name="sun.java.command" value="xsbt.boot.Boot test"/><property name="jdk.debug" value="release"/><property name="sun.stderr.encoding" value="cp857"/><property name="java.specification.vendor" value="Oracle Corporation"/><property name="java.version.date" value="2021-01-19"/><property name="java.home" value="C:\Program Files\Java\jdk-11.0.10"/><property name="file.separator" value="\"/><property name="java.vm.compressedOopsMode" value="32-bit"/><property name="line.separator" value="
"/><property name="sun.stdout.encoding" value="cp857"/><property name="java.specification.name" value="Java Platform API Specification"/><property name="java.vm.specification.vendor" value="Oracle Corporation"/><property name="user.script" value=""/><property name="sun.management.compiler" value="HotSpot 64-Bit Tiered Compilers"/><property name="java.runtime.version" value="11.0.10+8-LTS-162"/><property name="user.name" value="serha"/><property name="log4j.ignoreTCL" value="true"/><property name="file.encoding" value="UTF-8"/><property name="jnidispatch.path" value="C:\Users\serha\AppData\Local\Temp\jna-109326681\jna15066188581456274860.dll"/><property name="java.vendor.version" value="18.9"/><property name="jna.loaded" value="true"/><property name="java.io.tmpdir" value="C:\Users\serha\AppData\Local\Temp\"/><property name="java.version" value="11.0.10"/><property name="java.vm.specification.name" value="Java Virtual Machine Specification"/><property name="java.awt.printerjob" value="sun.awt.windows.WPrinterJob"/><property name="sun.os.patch.level" value=""/><property name="java.library.path" value="C:\Program Files\Java\jdk-11.0.10\bin;C:\Windows\Sun\Java\bin;C:\Windows\system32;C:\Windows;C:\Program Files\Java\jdk-11.0.10\bin;C:\Program Files\Common Files\Oracle\Java\javapath;C:\Windows\system32;C:\Windows;C:\Windows\System32\Wbem;C:\Windows\System32\WindowsPowerShell\v1.0\;C:\Windows\System32\OpenSSH\;C:\Program Files\Git\cmd;C:\Program Files (x86)\sbt\bin;C:\Users\serha\AppData\Local\Programs\Python\Python38\Scripts\;C:\Users\serha\AppData\Local\Programs\Python\Python38\;C:\Users\serha\AppData\Local\Microsoft\WindowsApps;;C:\Users\serha\AppData\Local\Programs\Microsoft VS Code\bin;C:\Users\serha\Downloads\null\Coursier\cache\jvm\adopt@1.8.0-275\bin;C:\Users\serha\Downloads\null\Coursier\data\bin;."/><property name="java.vendor" value="Oracle Corporation"/><property name="scala.ext.dirs" value="C:\Users\serha\.sbt\1.0\java9-rt-ext-oracle_corporation_11_0_10"/><property name="sun.io.unicode.encoding" value="UnicodeLittle"/><property name="sun.desktop" value="windows"/><property name="java.class.path" value="C:\Program Files (x86)\sbt\\bin\sbt-launch.jar"/><property name="java.vm.vendor" value="Oracle Corporation"/><property name="user.variant" value=""/><property name="jline.shutdownhook" value="false"/><property name="user.timezone" value="Asia/Istanbul"/><property name="os.name" value="Windows 10"/><property name="java.vm.specification.version" value="11"/><property name="sun.java.launcher" value="SUN_STANDARD"/><property name="user.country" value="US"/><property name="sun.cpu.endian" value="little"/><property name="user.home" value="C:\Users\serha"/><property name="user.language" value="en"/><property name="swoval.tmpdir" value="C:\Users\serha\.sbt\1.0"/><property name="java.awt.graphicsenv" value="sun.awt.Win32GraphicsEnvironment"/><property name="jline.esc.timeout" value="0"/><property name="path.separator" value=";"/><property name="os.version" value="10.0"/><property name="jna.nosys" value="true"/><property name="java.runtime.name" value="Java(TM) SE Runtime Environment"/><property name="java.vm.name" value="Java HotSpot(TM) 64-Bit Server VM"/><property name="java.vendor.url.bug" value="https://bugreport.java.com/bugreport/"/><property name="user.dir" value="C:\Users\serha\Desktop\2020-2021 Spring\Tazi.ai interview project\project\tazi"/><property name="os.arch" value="amd64"/><property name="user.language.format" value="tr"/><property name="java.vm.info" value="mixed mode"/><property name="java.vm.version" value="11.0.10+8-LTS-162"/><property name="java.class.version" value="55.0"/>
    </properties>
                     <testcase classname="ExampleSpec" name="A Stack should pop values in last-in-first-out order" time="0.043">
                                                 
                                               </testcase><testcase classname="ExampleSpec" name="A Stack should throw NoSuchElementException if an empty stack is popped" time="0.001">
                                                 
                                               </testcase>
                     <system-out><![CDATA[]]></system-out>
                     <system-err><![CDATA[]]></system-err>
                   </testsuite>